2021-12-04 09:24:28 ä¸Šåˆ [Thread: main][ Class:org.springframework.test.context.support.DefaultTestContextBootstrapper >> Method: org.springframework.test.context.support.AbstractTestContextBootstrapper.getDefaultTestExecutionListenerClassNames(AbstractTestContextBootstrapper.java:245) ]
INFO:Loaded default TestExecutionListener class names from location [META-INF/spring.factories]: [org.springframework.test.context.web.ServletTestExecutionListener, org.springframework.test.context.support.DirtiesContextBeforeModesTestExecutionListener, org.springframework.test.context.event.ApplicationEventsTestExecutionListener, org.springframework.test.context.support.DependencyInjectionTestExecutionListener, org.springframework.test.context.support.DirtiesContextTestExecutionListener, org.springframework.test.context.transaction.TransactionalTestExecutionListener, org.springframework.test.context.jdbc.SqlScriptsTestExecutionListener, org.springframework.test.context.event.EventPublishingTestExecutionListener]
2021-12-04 09:24:28 ä¸Šåˆ [Thread: main][ Class:org.springframework.test.context.support.DefaultTestContextBootstrapper >> Method: org.springframework.test.context.support.AbstractTestContextBootstrapper.getTestExecutionListeners(AbstractTestContextBootstrapper.java:174) ]
INFO:Using TestExecutionListeners: [org.springframework.test.context.web.ServletTestExecutionListener@3943a2be, org.springframework.test.context.support.DirtiesContextBeforeModesTestExecutionListener@343570b7, org.springframework.test.context.event.ApplicationEventsTestExecutionListener@157853da, org.springframework.test.context.support.DependencyInjectionTestExecutionListener@71c3b41, org.springframework.test.context.support.DirtiesContextTestExecutionListener@236e3f4e, org.springframework.test.context.transaction.TransactionalTestExecutionListener@3cc1435c, org.springframework.test.context.jdbc.SqlScriptsTestExecutionListener@6bf0219d, org.springframework.test.context.event.EventPublishingTestExecutionListener@dd0c991]
2021-12-04 09:24:31 ä¸Šåˆ [Thread: SpringContextShutdownHook][ Class:com.alibaba.druid.pool.DruidDataSource >> Method: com.alibaba.druid.pool.DruidDataSource.close(DruidDataSource.java:2039) ]
INFO:{dataSource-0} closing ...
2021-12-04 12:48:43 ÏÂÎç [Thread: localhost-startStop-1][ Class:org.springframework.web.servlet.DispatcherServlet >> Method: org.springframework.web.servlet.FrameworkServlet.initServletBean(FrameworkServlet.java:525) ]
INFO:Initializing Servlet 'dispatcherServlet'
2021-12-04 12:48:45 ÏÂÎç [Thread: localhost-startStop-1][ Class:org.springframework.web.servlet.DispatcherServlet >> Method: org.springframework.web.servlet.FrameworkServlet.initServletBean(FrameworkServlet.java:547) ]
INFO:Completed initialization in 2607 ms
2021-12-04 12:51:23 ÏÂÎç [Thread: localhost-startStop-2][ Class:com.alibaba.druid.pool.DruidDataSource >> Method: com.alibaba.druid.pool.DruidDataSource.close(DruidDataSource.java:2039) ]
INFO:{dataSource-0} closing ...
2021-12-04 12:55:49 ä¸‹åˆ [Thread: localhost-startStop-1][ Class:org.springframework.web.servlet.DispatcherServlet >> Method: org.springframework.web.servlet.FrameworkServlet.initServletBean(FrameworkServlet.java:525) ]
INFO:Initializing Servlet 'dispatcherServlet'
2021-12-04 12:55:52 ä¸‹åˆ [Thread: localhost-startStop-1][ Class:org.springframework.web.servlet.DispatcherServlet >> Method: org.springframework.web.servlet.FrameworkServlet.initServletBean(FrameworkServlet.java:547) ]
INFO:Completed initialization in 2155 ms
2021-12-04 12:57:58 ä¸‹åˆ [Thread: http-bio-9000-exec-1][ Class:com.alibaba.druid.pool.DruidDataSource >> Method: com.alibaba.druid.pool.DruidDataSource.init(DruidDataSource.java:986) ]
INFO:{dataSource-1} inited
2021-12-04 12:57:58 ä¸‹åˆ [Thread: http-bio-9000-exec-1][ Class:org.springframework.web.servlet.mvc.method.annotation.ExceptionHandlerExceptionResolver >> Method: org.springframework.web.servlet.mvc.method.annotation.ExceptionHandlerExceptionResolver.doResolveHandlerMethodException(ExceptionHandlerExceptionResolver.java:434) ]
WARN:Failure in @ExceptionHandler com.gqz.bookcity.advice.GlobalExceptionHandler#handleException(Exception)
java.lang.NoSuchMethodError: javax.servlet.http.HttpServletResponse.setContentLengthLong(J)V
	at org.springframework.http.server.ServletServerHttpResponse.writeHeaders(ServletServerHttpResponse.java:130)
	at org.springframework.http.server.ServletServerHttpResponse.getBody(ServletServerHttpResponse.java:96)
	at com.alibaba.fastjson.support.spring.FastJsonHttpMessageConverter.writeInternal(FastJsonHttpMessageConverter.java:330)
	at org.springframework.http.converter.AbstractHttpMessageConverter.write(AbstractHttpMessageConverter.java:227)
	at com.alibaba.fastjson.support.spring.FastJsonHttpMessageConverter.write(FastJsonHttpMessageConverter.java:244)
	at org.springframework.web.servlet.mvc.method.annotation.AbstractMessageConverterMethodProcessor.writeWithMessageConverters(AbstractMessageConverterMethodProcessor.java:290)
	at org.springframework.web.servlet.mvc.method.annotation.RequestResponseBodyMethodProcessor.handleReturnValue(RequestResponseBodyMethodProcessor.java:183)
	at org.springframework.web.method.support.HandlerMethodReturnValueHandlerComposite.handleReturnValue(HandlerMethodReturnValueHandlerComposite.java:78)
	at org.springframework.web.servlet.mvc.method.annotation.ServletInvocableHandlerMethod.invokeAndHandle(ServletInvocableHandlerMethod.java:135)
	at org.springframework.web.servlet.mvc.method.annotation.ExceptionHandlerExceptionResolver.doResolveHandlerMethodException(ExceptionHandlerExceptionResolver.java:428)
	at org.springframework.web.servlet.handler.AbstractHandlerMethodExceptionResolver.doResolveException(AbstractHandlerMethodExceptionResolver.java:75)
	at org.springframework.web.servlet.handler.AbstractHandlerExceptionResolver.resolveException(AbstractHandlerExceptionResolver.java:141)
	at org.springframework.web.servlet.DispatcherServlet.processHandlerException(DispatcherServlet.java:1327)
	at org.springframework.web.servlet.DispatcherServlet.processDispatchResult(DispatcherServlet.java:1138)
	at org.springframework.web.servlet.DispatcherServlet.doDispatch(DispatcherServlet.java:1084)
	at org.springframework.web.servlet.DispatcherServlet.doService(DispatcherServlet.java:963)
	at org.springframework.web.servlet.FrameworkServlet.processRequest(FrameworkServlet.java:1006)
	at org.springframework.web.servlet.FrameworkServlet.doGet(FrameworkServlet.java:898)
	at javax.servlet.http.HttpServlet.service(HttpServlet.java:621)
	at org.springframework.web.servlet.FrameworkServlet.service(FrameworkServlet.java:883)
	at javax.servlet.http.HttpServlet.service(HttpServlet.java:728)
	at org.apache.catalina.core.ApplicationFilterChain.internalDoFilter(ApplicationFilterChain.java:305)
	at org.apache.catalina.core.ApplicationFilterChain.doFilter(ApplicationFilterChain.java:210)
	at org.apache.tomcat.websocket.server.WsFilter.doFilter(WsFilter.java:51)
	at org.apache.catalina.core.ApplicationFilterChain.internalDoFilter(ApplicationFilterChain.java:243)
	at org.apache.catalina.core.ApplicationFilterChain.doFilter(ApplicationFilterChain.java:210)
	at org.apache.catalina.core.StandardWrapperValve.invoke(StandardWrapperValve.java:222)
	at org.apache.catalina.core.StandardContextValve.invoke(StandardContextValve.java:123)
	at org.apache.catalina.authenticator.AuthenticatorBase.invoke(AuthenticatorBase.java:502)
	at org.apache.catalina.core.StandardHostValve.invoke(StandardHostValve.java:171)
	at org.apache.catalina.valves.ErrorReportValve.invoke(ErrorReportValve.java:100)
	at org.apache.catalina.valves.AccessLogValve.invoke(AccessLogValve.java:953)
	at org.apache.catalina.core.StandardEngineValve.invoke(StandardEngineValve.java:118)
	at org.apache.catalina.connector.CoyoteAdapter.service(CoyoteAdapter.java:408)
	at org.apache.coyote.http11.AbstractHttp11Processor.process(AbstractHttp11Processor.java:1041)
	at org.apache.coyote.AbstractProtocol$AbstractConnectionHandler.process(AbstractProtocol.java:603)
	at org.apache.tomcat.util.net.JIoEndpoint$SocketProcessor.run(JIoEndpoint.java:310)
	at java.base/java.util.concurrent.ThreadPoolExecutor.runWorker(ThreadPoolExecutor.java:1128)
	at java.base/java.util.concurrent.ThreadPoolExecutor$Worker.run(ThreadPoolExecutor.java:628)
	at java.base/java.lang.Thread.run(Thread.java:834)
2021-12-04 12:59:19 ä¸‹åˆ [Thread: http-bio-9000-exec-4][ Class:com.alibaba.druid.pool.DruidAbstractDataSource >> Method: com.alibaba.druid.pool.DruidAbstractDataSource.testConnectionInternal(DruidAbstractDataSource.java:1489) ]
WARN:discard long time none received connection. , jdbcUrl : jdbc:mysql://localhost:3306/bookbook?useUnicode=true&characterEncoding=utf8&useSSL=false, version : 1.2.5, lastPacketReceivedIdleMillis : 81184
2021-12-04 12:59:19 ä¸‹åˆ [Thread: http-bio-9000-exec-4][ Class:org.springframework.web.servlet.mvc.method.annotation.ExceptionHandlerExceptionResolver >> Method: org.springframework.web.servlet.mvc.method.annotation.ExceptionHandlerExceptionResolver.doResolveHandlerMethodException(ExceptionHandlerExceptionResolver.java:434) ]
WARN:Failure in @ExceptionHandler com.gqz.bookcity.advice.GlobalExceptionHandler#handleException(Exception)
java.lang.NoSuchMethodError: javax.servlet.http.HttpServletResponse.setContentLengthLong(J)V
	at org.springframework.http.server.ServletServerHttpResponse.writeHeaders(ServletServerHttpResponse.java:130)
	at org.springframework.http.server.ServletServerHttpResponse.getBody(ServletServerHttpResponse.java:96)
	at com.alibaba.fastjson.support.spring.FastJsonHttpMessageConverter.writeInternal(FastJsonHttpMessageConverter.java:330)
	at org.springframework.http.converter.AbstractHttpMessageConverter.write(AbstractHttpMessageConverter.java:227)
	at com.alibaba.fastjson.support.spring.FastJsonHttpMessageConverter.write(FastJsonHttpMessageConverter.java:244)
	at org.springframework.web.servlet.mvc.method.annotation.AbstractMessageConverterMethodProcessor.writeWithMessageConverters(AbstractMessageConverterMethodProcessor.java:290)
	at org.springframework.web.servlet.mvc.method.annotation.RequestResponseBodyMethodProcessor.handleReturnValue(RequestResponseBodyMethodProcessor.java:183)
	at org.springframework.web.method.support.HandlerMethodReturnValueHandlerComposite.handleReturnValue(HandlerMethodReturnValueHandlerComposite.java:78)
	at org.springframework.web.servlet.mvc.method.annotation.ServletInvocableHandlerMethod.invokeAndHandle(ServletInvocableHandlerMethod.java:135)
	at org.springframework.web.servlet.mvc.method.annotation.ExceptionHandlerExceptionResolver.doResolveHandlerMethodException(ExceptionHandlerExceptionResolver.java:428)
	at org.springframework.web.servlet.handler.AbstractHandlerMethodExceptionResolver.doResolveException(AbstractHandlerMethodExceptionResolver.java:75)
	at org.springframework.web.servlet.handler.AbstractHandlerExceptionResolver.resolveException(AbstractHandlerExceptionResolver.java:141)
	at org.springframework.web.servlet.DispatcherServlet.processHandlerException(DispatcherServlet.java:1327)
	at org.springframework.web.servlet.DispatcherServlet.processDispatchResult(DispatcherServlet.java:1138)
	at org.springframework.web.servlet.DispatcherServlet.doDispatch(DispatcherServlet.java:1084)
	at org.springframework.web.servlet.DispatcherServlet.doService(DispatcherServlet.java:963)
	at org.springframework.web.servlet.FrameworkServlet.processRequest(FrameworkServlet.java:1006)
	at org.springframework.web.servlet.FrameworkServlet.doGet(FrameworkServlet.java:898)
	at javax.servlet.http.HttpServlet.service(HttpServlet.java:621)
	at org.springframework.web.servlet.FrameworkServlet.service(FrameworkServlet.java:883)
	at javax.servlet.http.HttpServlet.service(HttpServlet.java:728)
	at org.apache.catalina.core.ApplicationFilterChain.internalDoFilter(ApplicationFilterChain.java:305)
	at org.apache.catalina.core.ApplicationFilterChain.doFilter(ApplicationFilterChain.java:210)
	at org.apache.tomcat.websocket.server.WsFilter.doFilter(WsFilter.java:51)
	at org.apache.catalina.core.ApplicationFilterChain.internalDoFilter(ApplicationFilterChain.java:243)
	at org.apache.catalina.core.ApplicationFilterChain.doFilter(ApplicationFilterChain.java:210)
	at org.apache.catalina.core.StandardWrapperValve.invoke(StandardWrapperValve.java:222)
	at org.apache.catalina.core.StandardContextValve.invoke(StandardContextValve.java:123)
	at org.apache.catalina.authenticator.AuthenticatorBase.invoke(AuthenticatorBase.java:502)
	at org.apache.catalina.core.StandardHostValve.invoke(StandardHostValve.java:171)
	at org.apache.catalina.valves.ErrorReportValve.invoke(ErrorReportValve.java:100)
	at org.apache.catalina.valves.AccessLogValve.invoke(AccessLogValve.java:953)
	at org.apache.catalina.core.StandardEngineValve.invoke(StandardEngineValve.java:118)
	at org.apache.catalina.connector.CoyoteAdapter.service(CoyoteAdapter.java:408)
	at org.apache.coyote.http11.AbstractHttp11Processor.process(AbstractHttp11Processor.java:1041)
	at org.apache.coyote.AbstractProtocol$AbstractConnectionHandler.process(AbstractProtocol.java:603)
	at org.apache.tomcat.util.net.JIoEndpoint$SocketProcessor.run(JIoEndpoint.java:310)
	at java.base/java.util.concurrent.ThreadPoolExecutor.runWorker(ThreadPoolExecutor.java:1128)
	at java.base/java.util.concurrent.ThreadPoolExecutor$Worker.run(ThreadPoolExecutor.java:628)
	at java.base/java.lang.Thread.run(Thread.java:834)
2021-12-04 12:59:44 ä¸‹åˆ [Thread: localhost-startStop-2][ Class:com.alibaba.druid.pool.DruidDataSource >> Method: com.alibaba.druid.pool.DruidDataSource.close(DruidDataSource.java:2039) ]
INFO:{dataSource-1} closing ...
2021-12-04 12:59:44 ä¸‹åˆ [Thread: localhost-startStop-2][ Class:com.alibaba.druid.pool.DruidDataSource >> Method: com.alibaba.druid.pool.DruidDataSource.close(DruidDataSource.java:2111) ]
INFO:{dataSource-1} closed
2021-12-04 14:55:28 ä¸‹åˆ [Thread: localhost-startStop-1][ Class:org.springframework.web.servlet.DispatcherServlet >> Method: org.springframework.web.servlet.FrameworkServlet.initServletBean(FrameworkServlet.java:525) ]
INFO:Initializing Servlet 'dispatcherServlet'
2021-12-04 14:55:30 ä¸‹åˆ [Thread: localhost-startStop-1][ Class:org.springframework.web.servlet.DispatcherServlet >> Method: org.springframework.web.servlet.FrameworkServlet.initServletBean(FrameworkServlet.java:547) ]
INFO:Completed initialization in 2172 ms
2021-12-04 14:55:36 ä¸‹åˆ [Thread: localhost-startStop-1][ Class:com.alibaba.druid.pool.DruidDataSource >> Method: com.alibaba.druid.pool.DruidDataSource.close(DruidDataSource.java:2039) ]
INFO:{dataSource-0} closing ...
2021-12-04 14:57:55 ä¸‹åˆ [Thread: localhost-startStop-1][ Class:org.springframework.web.servlet.DispatcherServlet >> Method: org.springframework.web.servlet.FrameworkServlet.initServletBean(FrameworkServlet.java:525) ]
INFO:Initializing Servlet 'dispatcherServlet'
2021-12-04 14:57:57 ä¸‹åˆ [Thread: localhost-startStop-1][ Class:org.springframework.web.servlet.DispatcherServlet >> Method: org.springframework.web.servlet.FrameworkServlet.initServletBean(FrameworkServlet.java:547) ]
INFO:Completed initialization in 1975 ms
2021-12-04 14:58:13 ä¸‹åˆ [Thread: http-bio-9000-exec-1][ Class:com.alibaba.druid.pool.DruidDataSource >> Method: com.alibaba.druid.pool.DruidDataSource.init(DruidDataSource.java:986) ]
INFO:{dataSource-1} inited
2021-12-04 14:58:14 ä¸‹åˆ [Thread: http-bio-9000-exec-1][ Class:org.springframework.web.servlet.mvc.method.annotation.ExceptionHandlerExceptionResolver >> Method: org.springframework.web.servlet.mvc.method.annotation.ExceptionHandlerExceptionResolver.doResolveHandlerMethodException(ExceptionHandlerExceptionResolver.java:434) ]
WARN:Failure in @ExceptionHandler com.gqz.bookcity.advice.GlobalExceptionHandler#handleException(Exception)
java.lang.NoSuchMethodError: javax.servlet.http.HttpServletResponse.setContentLengthLong(J)V
	at org.springframework.http.server.ServletServerHttpResponse.writeHeaders(ServletServerHttpResponse.java:130)
	at org.springframework.http.server.ServletServerHttpResponse.getBody(ServletServerHttpResponse.java:96)
	at com.alibaba.fastjson.support.spring.FastJsonHttpMessageConverter.writeInternal(FastJsonHttpMessageConverter.java:330)
	at org.springframework.http.converter.AbstractHttpMessageConverter.write(AbstractHttpMessageConverter.java:227)
	at com.alibaba.fastjson.support.spring.FastJsonHttpMessageConverter.write(FastJsonHttpMessageConverter.java:244)
	at org.springframework.web.servlet.mvc.method.annotation.AbstractMessageConverterMethodProcessor.writeWithMessageConverters(AbstractMessageConverterMethodProcessor.java:290)
	at org.springframework.web.servlet.mvc.method.annotation.RequestResponseBodyMethodProcessor.handleReturnValue(RequestResponseBodyMethodProcessor.java:183)
	at org.springframework.web.method.support.HandlerMethodReturnValueHandlerComposite.handleReturnValue(HandlerMethodReturnValueHandlerComposite.java:78)
	at org.springframework.web.servlet.mvc.method.annotation.ServletInvocableHandlerMethod.invokeAndHandle(ServletInvocableHandlerMethod.java:135)
	at org.springframework.web.servlet.mvc.method.annotation.ExceptionHandlerExceptionResolver.doResolveHandlerMethodException(ExceptionHandlerExceptionResolver.java:428)
	at org.springframework.web.servlet.handler.AbstractHandlerMethodExceptionResolver.doResolveException(AbstractHandlerMethodExceptionResolver.java:75)
	at org.springframework.web.servlet.handler.AbstractHandlerExceptionResolver.resolveException(AbstractHandlerExceptionResolver.java:141)
	at org.springframework.web.servlet.DispatcherServlet.processHandlerException(DispatcherServlet.java:1327)
	at org.springframework.web.servlet.DispatcherServlet.processDispatchResult(DispatcherServlet.java:1138)
	at org.springframework.web.servlet.DispatcherServlet.doDispatch(DispatcherServlet.java:1084)
	at org.springframework.web.servlet.DispatcherServlet.doService(DispatcherServlet.java:963)
	at org.springframework.web.servlet.FrameworkServlet.processRequest(FrameworkServlet.java:1006)
	at org.springframework.web.servlet.FrameworkServlet.doGet(FrameworkServlet.java:898)
	at javax.servlet.http.HttpServlet.service(HttpServlet.java:621)
	at org.springframework.web.servlet.FrameworkServlet.service(FrameworkServlet.java:883)
	at javax.servlet.http.HttpServlet.service(HttpServlet.java:728)
	at org.apache.catalina.core.ApplicationFilterChain.internalDoFilter(ApplicationFilterChain.java:305)
	at org.apache.catalina.core.ApplicationFilterChain.doFilter(ApplicationFilterChain.java:210)
	at org.apache.tomcat.websocket.server.WsFilter.doFilter(WsFilter.java:51)
	at org.apache.catalina.core.ApplicationFilterChain.internalDoFilter(ApplicationFilterChain.java:243)
	at org.apache.catalina.core.ApplicationFilterChain.doFilter(ApplicationFilterChain.java:210)
	at org.apache.catalina.core.StandardWrapperValve.invoke(StandardWrapperValve.java:222)
	at org.apache.catalina.core.StandardContextValve.invoke(StandardContextValve.java:123)
	at org.apache.catalina.authenticator.AuthenticatorBase.invoke(AuthenticatorBase.java:502)
	at org.apache.catalina.core.StandardHostValve.invoke(StandardHostValve.java:171)
	at org.apache.catalina.valves.ErrorReportValve.invoke(ErrorReportValve.java:100)
	at org.apache.catalina.valves.AccessLogValve.invoke(AccessLogValve.java:953)
	at org.apache.catalina.core.StandardEngineValve.invoke(StandardEngineValve.java:118)
	at org.apache.catalina.connector.CoyoteAdapter.service(CoyoteAdapter.java:408)
	at org.apache.coyote.http11.AbstractHttp11Processor.process(AbstractHttp11Processor.java:1041)
	at org.apache.coyote.AbstractProtocol$AbstractConnectionHandler.process(AbstractProtocol.java:603)
	at org.apache.tomcat.util.net.JIoEndpoint$SocketProcessor.run(JIoEndpoint.java:310)
	at java.base/java.util.concurrent.ThreadPoolExecutor.runWorker(ThreadPoolExecutor.java:1128)
	at java.base/java.util.concurrent.ThreadPoolExecutor$Worker.run(ThreadPoolExecutor.java:628)
	at java.base/java.lang.Thread.run(Thread.java:834)
2021-12-04 15:03:54 ä¸‹åˆ [Thread: localhost-startStop-2][ Class:com.alibaba.druid.pool.DruidDataSource >> Method: com.alibaba.druid.pool.DruidDataSource.close(DruidDataSource.java:2039) ]
INFO:{dataSource-1} closing ...
2021-12-04 15:03:54 ä¸‹åˆ [Thread: localhost-startStop-2][ Class:com.alibaba.druid.pool.DruidDataSource >> Method: com.alibaba.druid.pool.DruidDataSource.close(DruidDataSource.java:2111) ]
INFO:{dataSource-1} closed
2021-12-04 15:06:10 ä¸‹åˆ [Thread: localhost-startStop-1][ Class:org.springframework.web.servlet.DispatcherServlet >> Method: org.springframework.web.servlet.FrameworkServlet.initServletBean(FrameworkServlet.java:525) ]
INFO:Initializing Servlet 'dispatcherServlet'
2021-12-04 15:06:12 ä¸‹åˆ [Thread: localhost-startStop-1][ Class:org.springframework.web.servlet.DispatcherServlet >> Method: org.springframework.web.servlet.FrameworkServlet.initServletBean(FrameworkServlet.java:547) ]
INFO:Completed initialization in 2026 ms
2021-12-04 15:07:12 ä¸‹åˆ [Thread: http-bio-9000-exec-1][ Class:com.alibaba.druid.pool.DruidDataSource >> Method: com.alibaba.druid.pool.DruidDataSource.init(DruidDataSource.java:986) ]
INFO:{dataSource-1} inited
2021-12-04 15:07:12 ä¸‹åˆ [Thread: http-bio-9000-exec-1][ Class:org.springframework.web.servlet.mvc.method.annotation.ExceptionHandlerExceptionResolver >> Method: org.springframework.web.servlet.mvc.method.annotation.ExceptionHandlerExceptionResolver.doResolveHandlerMethodException(ExceptionHandlerExceptionResolver.java:434) ]
WARN:Failure in @ExceptionHandler com.gqz.bookcity.advice.GlobalExceptionHandler#handleException(Exception)
java.lang.NoSuchMethodError: javax.servlet.http.HttpServletResponse.setContentLengthLong(J)V
	at org.springframework.http.server.ServletServerHttpResponse.writeHeaders(ServletServerHttpResponse.java:130)
	at org.springframework.http.server.ServletServerHttpResponse.getBody(ServletServerHttpResponse.java:96)
	at com.alibaba.fastjson.support.spring.FastJsonHttpMessageConverter.writeInternal(FastJsonHttpMessageConverter.java:330)
	at org.springframework.http.converter.AbstractHttpMessageConverter.write(AbstractHttpMessageConverter.java:227)
	at com.alibaba.fastjson.support.spring.FastJsonHttpMessageConverter.write(FastJsonHttpMessageConverter.java:244)
	at org.springframework.web.servlet.mvc.method.annotation.AbstractMessageConverterMethodProcessor.writeWithMessageConverters(AbstractMessageConverterMethodProcessor.java:290)
	at org.springframework.web.servlet.mvc.method.annotation.RequestResponseBodyMethodProcessor.handleReturnValue(RequestResponseBodyMethodProcessor.java:183)
	at org.springframework.web.method.support.HandlerMethodReturnValueHandlerComposite.handleReturnValue(HandlerMethodReturnValueHandlerComposite.java:78)
	at org.springframework.web.servlet.mvc.method.annotation.ServletInvocableHandlerMethod.invokeAndHandle(ServletInvocableHandlerMethod.java:135)
	at org.springframework.web.servlet.mvc.method.annotation.ExceptionHandlerExceptionResolver.doResolveHandlerMethodException(ExceptionHandlerExceptionResolver.java:428)
	at org.springframework.web.servlet.handler.AbstractHandlerMethodExceptionResolver.doResolveException(AbstractHandlerMethodExceptionResolver.java:75)
	at org.springframework.web.servlet.handler.AbstractHandlerExceptionResolver.resolveException(AbstractHandlerExceptionResolver.java:141)
	at org.springframework.web.servlet.DispatcherServlet.processHandlerException(DispatcherServlet.java:1327)
	at org.springframework.web.servlet.DispatcherServlet.processDispatchResult(DispatcherServlet.java:1138)
	at org.springframework.web.servlet.DispatcherServlet.doDispatch(DispatcherServlet.java:1084)
	at org.springframework.web.servlet.DispatcherServlet.doService(DispatcherServlet.java:963)
	at org.springframework.web.servlet.FrameworkServlet.processRequest(FrameworkServlet.java:1006)
	at org.springframework.web.servlet.FrameworkServlet.doGet(FrameworkServlet.java:898)
	at javax.servlet.http.HttpServlet.service(HttpServlet.java:621)
	at org.springframework.web.servlet.FrameworkServlet.service(FrameworkServlet.java:883)
	at javax.servlet.http.HttpServlet.service(HttpServlet.java:728)
	at org.apache.catalina.core.ApplicationFilterChain.internalDoFilter(ApplicationFilterChain.java:305)
	at org.apache.catalina.core.ApplicationFilterChain.doFilter(ApplicationFilterChain.java:210)
	at org.apache.tomcat.websocket.server.WsFilter.doFilter(WsFilter.java:51)
	at org.apache.catalina.core.ApplicationFilterChain.internalDoFilter(ApplicationFilterChain.java:243)
	at org.apache.catalina.core.ApplicationFilterChain.doFilter(ApplicationFilterChain.java:210)
	at org.apache.catalina.core.StandardWrapperValve.invoke(StandardWrapperValve.java:222)
	at org.apache.catalina.core.StandardContextValve.invoke(StandardContextValve.java:123)
	at org.apache.catalina.authenticator.AuthenticatorBase.invoke(AuthenticatorBase.java:502)
	at org.apache.catalina.core.StandardHostValve.invoke(StandardHostValve.java:171)
	at org.apache.catalina.valves.ErrorReportValve.invoke(ErrorReportValve.java:100)
	at org.apache.catalina.valves.AccessLogValve.invoke(AccessLogValve.java:953)
	at org.apache.catalina.core.StandardEngineValve.invoke(StandardEngineValve.java:118)
	at org.apache.catalina.connector.CoyoteAdapter.service(CoyoteAdapter.java:408)
	at org.apache.coyote.http11.AbstractHttp11Processor.process(AbstractHttp11Processor.java:1041)
	at org.apache.coyote.AbstractProtocol$AbstractConnectionHandler.process(AbstractProtocol.java:603)
	at org.apache.tomcat.util.net.JIoEndpoint$SocketProcessor.run(JIoEndpoint.java:310)
	at java.base/java.util.concurrent.ThreadPoolExecutor.runWorker(ThreadPoolExecutor.java:1128)
	at java.base/java.util.concurrent.ThreadPoolExecutor$Worker.run(ThreadPoolExecutor.java:628)
	at java.base/java.lang.Thread.run(Thread.java:834)
2021-12-04 15:09:50 ä¸‹åˆ [Thread: http-bio-9000-exec-4][ Class:com.alibaba.druid.pool.DruidAbstractDataSource >> Method: com.alibaba.druid.pool.DruidAbstractDataSource.testConnectionInternal(DruidAbstractDataSource.java:1489) ]
WARN:discard long time none received connection. , jdbcUrl : jdbc:mysql://localhost:3306/bookbook?useUnicode=true&characterEncoding=utf8&useSSL=false, version : 1.2.5, lastPacketReceivedIdleMillis : 157757
2021-12-04 15:09:50 ä¸‹åˆ [Thread: http-bio-9000-exec-4][ Class:org.springframework.web.servlet.mvc.method.annotation.ExceptionHandlerExceptionResolver >> Method: org.springframework.web.servlet.mvc.method.annotation.ExceptionHandlerExceptionResolver.doResolveHandlerMethodException(ExceptionHandlerExceptionResolver.java:434) ]
WARN:Failure in @ExceptionHandler com.gqz.bookcity.advice.GlobalExceptionHandler#handleException(Exception)
java.lang.NoSuchMethodError: javax.servlet.http.HttpServletResponse.setContentLengthLong(J)V
	at org.springframework.http.server.ServletServerHttpResponse.writeHeaders(ServletServerHttpResponse.java:130)
	at org.springframework.http.server.ServletServerHttpResponse.getBody(ServletServerHttpResponse.java:96)
	at com.alibaba.fastjson.support.spring.FastJsonHttpMessageConverter.writeInternal(FastJsonHttpMessageConverter.java:330)
	at org.springframework.http.converter.AbstractHttpMessageConverter.write(AbstractHttpMessageConverter.java:227)
	at com.alibaba.fastjson.support.spring.FastJsonHttpMessageConverter.write(FastJsonHttpMessageConverter.java:244)
	at org.springframework.web.servlet.mvc.method.annotation.AbstractMessageConverterMethodProcessor.writeWithMessageConverters(AbstractMessageConverterMethodProcessor.java:290)
	at org.springframework.web.servlet.mvc.method.annotation.RequestResponseBodyMethodProcessor.handleReturnValue(RequestResponseBodyMethodProcessor.java:183)
	at org.springframework.web.method.support.HandlerMethodReturnValueHandlerComposite.handleReturnValue(HandlerMethodReturnValueHandlerComposite.java:78)
	at org.springframework.web.servlet.mvc.method.annotation.ServletInvocableHandlerMethod.invokeAndHandle(ServletInvocableHandlerMethod.java:135)
	at org.springframework.web.servlet.mvc.method.annotation.ExceptionHandlerExceptionResolver.doResolveHandlerMethodException(ExceptionHandlerExceptionResolver.java:428)
	at org.springframework.web.servlet.handler.AbstractHandlerMethodExceptionResolver.doResolveException(AbstractHandlerMethodExceptionResolver.java:75)
	at org.springframework.web.servlet.handler.AbstractHandlerExceptionResolver.resolveException(AbstractHandlerExceptionResolver.java:141)
	at org.springframework.web.servlet.DispatcherServlet.processHandlerException(DispatcherServlet.java:1327)
	at org.springframework.web.servlet.DispatcherServlet.processDispatchResult(DispatcherServlet.java:1138)
	at org.springframework.web.servlet.DispatcherServlet.doDispatch(DispatcherServlet.java:1084)
	at org.springframework.web.servlet.DispatcherServlet.doService(DispatcherServlet.java:963)
	at org.springframework.web.servlet.FrameworkServlet.processRequest(FrameworkServlet.java:1006)
	at org.springframework.web.servlet.FrameworkServlet.doGet(FrameworkServlet.java:898)
	at javax.servlet.http.HttpServlet.service(HttpServlet.java:621)
	at org.springframework.web.servlet.FrameworkServlet.service(FrameworkServlet.java:883)
	at javax.servlet.http.HttpServlet.service(HttpServlet.java:728)
	at org.apache.catalina.core.ApplicationFilterChain.internalDoFilter(ApplicationFilterChain.java:305)
	at org.apache.catalina.core.ApplicationFilterChain.doFilter(ApplicationFilterChain.java:210)
	at org.apache.tomcat.websocket.server.WsFilter.doFilter(WsFilter.java:51)
	at org.apache.catalina.core.ApplicationFilterChain.internalDoFilter(ApplicationFilterChain.java:243)
	at org.apache.catalina.core.ApplicationFilterChain.doFilter(ApplicationFilterChain.java:210)
	at org.apache.catalina.core.StandardWrapperValve.invoke(StandardWrapperValve.java:222)
	at org.apache.catalina.core.StandardContextValve.invoke(StandardContextValve.java:123)
	at org.apache.catalina.authenticator.AuthenticatorBase.invoke(AuthenticatorBase.java:502)
	at org.apache.catalina.core.StandardHostValve.invoke(StandardHostValve.java:171)
	at org.apache.catalina.valves.ErrorReportValve.invoke(ErrorReportValve.java:100)
	at org.apache.catalina.valves.AccessLogValve.invoke(AccessLogValve.java:953)
	at org.apache.catalina.core.StandardEngineValve.invoke(StandardEngineValve.java:118)
	at org.apache.catalina.connector.CoyoteAdapter.service(CoyoteAdapter.java:408)
	at org.apache.coyote.http11.AbstractHttp11Processor.process(AbstractHttp11Processor.java:1041)
	at org.apache.coyote.AbstractProtocol$AbstractConnectionHandler.process(AbstractProtocol.java:603)
	at org.apache.tomcat.util.net.JIoEndpoint$SocketProcessor.run(JIoEndpoint.java:310)
	at java.base/java.util.concurrent.ThreadPoolExecutor.runWorker(ThreadPoolExecutor.java:1128)
	at java.base/java.util.concurrent.ThreadPoolExecutor$Worker.run(ThreadPoolExecutor.java:628)
	at java.base/java.lang.Thread.run(Thread.java:834)
2021-12-04 15:09:58 ä¸‹åˆ [Thread: localhost-startStop-2][ Class:com.alibaba.druid.pool.DruidDataSource >> Method: com.alibaba.druid.pool.DruidDataSource.close(DruidDataSource.java:2039) ]
INFO:{dataSource-1} closing ...
2021-12-04 15:09:58 ä¸‹åˆ [Thread: localhost-startStop-2][ Class:com.alibaba.druid.pool.DruidDataSource >> Method: com.alibaba.druid.pool.DruidDataSource.close(DruidDataSource.java:2111) ]
INFO:{dataSource-1} closed
2021-12-04 15:10:15 ä¸‹åˆ [Thread: localhost-startStop-1][ Class:org.springframework.web.servlet.DispatcherServlet >> Method: org.springframework.web.servlet.FrameworkServlet.initServletBean(FrameworkServlet.java:525) ]
INFO:Initializing Servlet 'dispatcherServlet'
2021-12-04 15:10:17 ä¸‹åˆ [Thread: localhost-startStop-1][ Class:org.springframework.web.servlet.DispatcherServlet >> Method: org.springframework.web.servlet.FrameworkServlet.initServletBean(FrameworkServlet.java:547) ]
INFO:Completed initialization in 1920 ms
2021-12-04 15:10:33 ä¸‹åˆ [Thread: http-bio-9000-exec-1][ Class:com.alibaba.druid.pool.DruidDataSource >> Method: com.alibaba.druid.pool.DruidDataSource.init(DruidDataSource.java:986) ]
INFO:{dataSource-1} inited
2021-12-04 15:10:33 ä¸‹åˆ [Thread: http-bio-9000-exec-1][ Class:org.springframework.web.servlet.mvc.method.annotation.ExceptionHandlerExceptionResolver >> Method: org.springframework.web.servlet.mvc.method.annotation.ExceptionHandlerExceptionResolver.doResolveHandlerMethodException(ExceptionHandlerExceptionResolver.java:434) ]
WARN:Failure in @ExceptionHandler com.gqz.bookcity.advice.GlobalExceptionHandler#handleException(Exception)
java.lang.NoSuchMethodError: javax.servlet.http.HttpServletResponse.setContentLengthLong(J)V
	at org.springframework.http.server.ServletServerHttpResponse.writeHeaders(ServletServerHttpResponse.java:130)
	at org.springframework.http.server.ServletServerHttpResponse.getBody(ServletServerHttpResponse.java:96)
	at com.alibaba.fastjson.support.spring.FastJsonHttpMessageConverter.writeInternal(FastJsonHttpMessageConverter.java:330)
	at org.springframework.http.converter.AbstractHttpMessageConverter.write(AbstractHttpMessageConverter.java:227)
	at com.alibaba.fastjson.support.spring.FastJsonHttpMessageConverter.write(FastJsonHttpMessageConverter.java:244)
	at org.springframework.web.servlet.mvc.method.annotation.AbstractMessageConverterMethodProcessor.writeWithMessageConverters(AbstractMessageConverterMethodProcessor.java:290)
	at org.springframework.web.servlet.mvc.method.annotation.RequestResponseBodyMethodProcessor.handleReturnValue(RequestResponseBodyMethodProcessor.java:183)
	at org.springframework.web.method.support.HandlerMethodReturnValueHandlerComposite.handleReturnValue(HandlerMethodReturnValueHandlerComposite.java:78)
	at org.springframework.web.servlet.mvc.method.annotation.ServletInvocableHandlerMethod.invokeAndHandle(ServletInvocableHandlerMethod.java:135)
	at org.springframework.web.servlet.mvc.method.annotation.ExceptionHandlerExceptionResolver.doResolveHandlerMethodException(ExceptionHandlerExceptionResolver.java:428)
	at org.springframework.web.servlet.handler.AbstractHandlerMethodExceptionResolver.doResolveException(AbstractHandlerMethodExceptionResolver.java:75)
	at org.springframework.web.servlet.handler.AbstractHandlerExceptionResolver.resolveException(AbstractHandlerExceptionResolver.java:141)
	at org.springframework.web.servlet.DispatcherServlet.processHandlerException(DispatcherServlet.java:1327)
	at org.springframework.web.servlet.DispatcherServlet.processDispatchResult(DispatcherServlet.java:1138)
	at org.springframework.web.servlet.DispatcherServlet.doDispatch(DispatcherServlet.java:1084)
	at org.springframework.web.servlet.DispatcherServlet.doService(DispatcherServlet.java:963)
	at org.springframework.web.servlet.FrameworkServlet.processRequest(FrameworkServlet.java:1006)
	at org.springframework.web.servlet.FrameworkServlet.doGet(FrameworkServlet.java:898)
	at javax.servlet.http.HttpServlet.service(HttpServlet.java:621)
	at org.springframework.web.servlet.FrameworkServlet.service(FrameworkServlet.java:883)
	at javax.servlet.http.HttpServlet.service(HttpServlet.java:728)
	at org.apache.catalina.core.ApplicationFilterChain.internalDoFilter(ApplicationFilterChain.java:305)
	at org.apache.catalina.core.ApplicationFilterChain.doFilter(ApplicationFilterChain.java:210)
	at org.apache.tomcat.websocket.server.WsFilter.doFilter(WsFilter.java:51)
	at org.apache.catalina.core.ApplicationFilterChain.internalDoFilter(ApplicationFilterChain.java:243)
	at org.apache.catalina.core.ApplicationFilterChain.doFilter(ApplicationFilterChain.java:210)
	at org.apache.catalina.core.StandardWrapperValve.invoke(StandardWrapperValve.java:222)
	at org.apache.catalina.core.StandardContextValve.invoke(StandardContextValve.java:123)
	at org.apache.catalina.authenticator.AuthenticatorBase.invoke(AuthenticatorBase.java:502)
	at org.apache.catalina.core.StandardHostValve.invoke(StandardHostValve.java:171)
	at org.apache.catalina.valves.ErrorReportValve.invoke(ErrorReportValve.java:100)
	at org.apache.catalina.valves.AccessLogValve.invoke(AccessLogValve.java:953)
	at org.apache.catalina.core.StandardEngineValve.invoke(StandardEngineValve.java:118)
	at org.apache.catalina.connector.CoyoteAdapter.service(CoyoteAdapter.java:408)
	at org.apache.coyote.http11.AbstractHttp11Processor.process(AbstractHttp11Processor.java:1041)
	at org.apache.coyote.AbstractProtocol$AbstractConnectionHandler.process(AbstractProtocol.java:603)
	at org.apache.tomcat.util.net.JIoEndpoint$SocketProcessor.run(JIoEndpoint.java:310)
	at java.base/java.util.concurrent.ThreadPoolExecutor.runWorker(ThreadPoolExecutor.java:1128)
	at java.base/java.util.concurrent.ThreadPoolExecutor$Worker.run(ThreadPoolExecutor.java:628)
	at java.base/java.lang.Thread.run(Thread.java:834)
2021-12-04 15:12:59 ä¸‹åˆ [Thread: localhost-startStop-2][ Class:com.alibaba.druid.pool.DruidDataSource >> Method: com.alibaba.druid.pool.DruidDataSource.close(DruidDataSource.java:2039) ]
INFO:{dataSource-1} closing ...
2021-12-04 15:12:59 ä¸‹åˆ [Thread: localhost-startStop-2][ Class:com.alibaba.druid.pool.DruidDataSource >> Method: com.alibaba.druid.pool.DruidDataSource.close(DruidDataSource.java:2111) ]
INFO:{dataSource-1} closed
